[  8102.991] 
X.Org X Server 1.19.2
Release Date: 2017-03-02
[  8102.992] X Protocol Version 11, Revision 0
[  8102.992] Build Operating System: Linux 4.9.41-v7+ armv7l Raspbian
[  8102.992] Current Operating System: Linux raspberrypi 4.9.41-v7+ #1023 SMP Tue Aug 8 16:00:15 BST 2017 armv7l
[  8102.992] Kernel command line: 8250.nr_uarts=0 bcm2708_fb.fbwidth=656 bcm2708_fb.fbheight=416 bcm2708_fb.fbswap=1 vc_mem.mem_base=0x3ec00000 vc_mem.mem_size=0x40000000  dwc_otg.lpm_enable=0 console=ttyS0,115200 console=tty1 root=PARTUUID=fc00aa46-02 rootfstype=ext4 elevator=deadline fsck.repair=yes rootwait quiet splash plymouth.ignore-serial-consoles
[  8102.993] Build Date: 18 October 2017  04:55:30PM
[  8102.993] xorg-server 2:1.19.2-1+rpt1+deb9u2 (https://www.debian.org/support) 
[  8102.993] Current version of pixman: 0.34.0
[  8102.993] 	Before reporting problems, check http://wiki.x.org
	to make sure that you have the latest version.
[  8102.993] Markers: (--) probed, (**) from config file, (==) default setting,
	(++) from command line, (!!) notice, (II) informational,
	(WW) warning, (EE) error, (NI) not implemented, (??) unknown.
[  8102.994] (==) Log file: "/home/pi/.local/share/xorg/Xorg.2.log", Time: Sun Nov 19 15:05:07 2017
[  8102.996] (==) Using system config directory "/usr/share/X11/xorg.conf.d"
[  8102.999] (==) No Layout section.  Using the first Screen section.
[  8102.999] (==) No screen section available. Using defaults.
[  8102.999] (**) |-->Screen "Default Screen Section" (0)
[  8102.999] (**) |   |-->Monitor "<default monitor>"
[  8103.005] (==) No device specified for screen "Default Screen Section".
	Using the first device section listed.
[  8103.006] (**) |   |-->Device "Allwinner A10/A13 FBDEV"
[  8103.006] (==) No monitor specified for screen "Default Screen Section".
	Using a default monitor configuration.
[  8103.006] (==) Automatically adding devices
[  8103.006] (==) Automatically enabling devices
[  8103.006] (==) Automatically adding GPU devices
[  8103.006] (==) Max clients allowed: 256, resource mask: 0x1fffff
[  8103.006] (WW) The directory "/usr/share/fonts/X11/misc" does not exist.
[  8103.006] 	Entry deleted from font path.
[  8103.006] (WW) The directory "/usr/share/fonts/X11/cyrillic" does not exist.
[  8103.006] 	Entry deleted from font path.
[  8103.015] (WW) The directory "/usr/share/fonts/X11/75dpi/" does not exist.
[  8103.015] 	Entry deleted from font path.
[  8103.016] (WW) The directory "/usr/share/fonts/X11/75dpi" does not exist.
[  8103.016] 	Entry deleted from font path.
[  8103.016] (==) FontPath set to:
	/usr/share/fonts/X11/100dpi/:unscaled,
	/usr/share/fonts/X11/Type1,
	/usr/share/fonts/X11/100dpi,
	built-ins
[  8103.016] (==) ModulePath set to "/usr/lib/xorg/modules"
[  8103.017] (II) The server relies on udev to provide the list of input devices.
	If no devices become available, reconfigure udev or disable AutoAddDevices.
[  8103.019] (II) Loader magic: 0x1fbf40
[  8103.019] (II) Module ABI versions:
[  8103.019] 	X.Org ANSI C Emulation: 0.4
[  8103.019] 	X.Org Video Driver: 23.0
[  8103.019] 	X.Org XInput driver : 24.1
[  8103.019] 	X.Org Server Extension : 10.0
[  8103.042] (II) systemd-logind: took control of session /org/freedesktop/login1/session/c3
[  8103.043] (II) no primary bus or device found
[  8103.044] (II) LoadModule: "glx"
[  8103.045] (II) Loading /usr/lib/xorg/modules/extensions/libglx.so
[  8103.065] (II) Module glx: vendor="X.Org Foundation"
[  8103.065] 	compiled for 1.19.2, module version = 1.0.0
[  8103.065] 	ABI class: X.Org Server Extension, version 10.0
[  8103.065] (II) LoadModule: "fbturbo"
[  8103.067] (II) Loading /usr/lib/xorg/modules/drivers/fbturbo_drv.so
[  8103.071] (II) Module fbturbo: vendor="X.Org Foundation"
[  8103.071] 	compiled for 1.19.2, module version = 0.5.1
[  8103.071] 	Module class: X.Org Video Driver
[  8103.072] 	ABI class: X.Org Video Driver, version 23.0
[  8103.072] (II) FBTURBO: driver for framebuffer: fbturbo
[  8103.072] (EE) 
Fatal server error:
[  8103.072] (EE) parse_vt_settings: Cannot open /dev/tty0 (Permission denied)
[  8103.072] (EE) 
[  8103.072] (EE) 
Please consult the The X.Org Foundation support 
	 at http://wiki.x.org
 for help. 
[  8103.072] (EE) Please also check the log file at "/home/pi/.local/share/xorg/Xorg.2.log" for additional information.
[  8103.072] (EE) 
[  8103.073] (WW) xf86CloseConsole: KDSETMODE failed: Bad file descriptor
[  8103.073] (WW) xf86CloseConsole: VT_GETMODE failed: Bad file descriptor
[  8103.076] (EE) Server terminated with error (1). Closing log file.
